This is pdfTeX, Version 3.14159265-2.6-1.40.18 (TeX Live 2017/Debian) (preloaded format=pdflatex 2019.9.29)  25 MAY 2020 16:59
entering extended mode
 \write18 enabled.
 %&-line parsing enabled.
**main.tex
(./main.tex
LaTeX2e <2017-04-15>
Babel <3.18> and hyphenation patterns for 32 language(s) loaded.
(/usr/share/texlive/texmf-dist/tex/latex/base/article.cls
Document Class: article 2014/09/29 v1.4h Standard LaTeX document class
(/usr/share/texlive/texmf-dist/tex/latex/base/size11.clo
File: size11.clo 2014/09/29 v1.4h Standard LaTeX file (size option)
)
\c@part=\count79
\c@section=\count80
\c@subsection=\count81
\c@subsubsection=\count82
\c@paragraph=\count83
\c@subparagraph=\count84
\c@figure=\count85
\c@table=\count86
\abovecaptionskip=\skip41
\belowcaptionskip=\skip42
\bibindent=\dimen102
)
(/usr/share/texlive/texmf-dist/tex/generic/babel/babel.sty
Package: babel 2018/02/14 3.18 The Babel package

(/usr/share/texlive/texmf-dist/tex/generic/babel/switch.def
File: switch.def 2018/02/14 3.18 Babel switching mechanism
)
(/usr/share/texlive/texmf-dist/tex/generic/babel-spanish/spanish.ldf
Language: spanish.ldf 2016/03/03 v5.0p Spanish support from the babel system

(/usr/share/texlive/texmf-dist/tex/generic/babel/babel.def
File: babel.def 2018/02/14 3.18 Babel common definitions
\babel@savecnt=\count87
\U@D=\dimen103

(/usr/share/texlive/texmf-dist/tex/generic/babel/txtbabel.def)
\bbl@dirlevel=\count88
)
\es@quottoks=\toks14
\es@quotdepth=\count89
Package babel Info: Making " an active character on input line 561.
Package babel Info: Making . an active character on input line 662.
Package babel Info: Making < an active character on input line 707.
Package babel Info: Making > an active character on input line 707.
))
(/usr/share/texlive/texmf-dist/tex/latex/caption/subcaption.sty
Package: subcaption 2016/05/22 v1.1-161 Sub-captions (AR)

(/usr/share/texlive/texmf-dist/tex/latex/caption/caption.sty
Package: caption 2016/02/21 v3.3-144 Customizing captions (AR)

(/usr/share/texlive/texmf-dist/tex/latex/caption/caption3.sty
Package: caption3 2016/05/22 v1.7-166 caption3 kernel (AR)
Package caption3 Info: TeX engine: e-TeX on input line 67.

(/usr/share/texlive/texmf-dist/tex/latex/graphics/keyval.sty
Package: keyval 2014/10/28 v1.15 key=value parser (DPC)
\KV@toks@=\toks15
)
\captionmargin=\dimen104
\captionmargin@=\dimen105
\captionwidth=\dimen106
\caption@tempdima=\dimen107
\caption@indent=\dimen108
\caption@parindent=\dimen109
\caption@hangindent=\dimen110
)
\c@ContinuedFloat=\count90
)
\c@subfigure=\count91
\c@subtable=\count92
)
(/usr/share/texlive/texmf-dist/tex/latex/base/inputenc.sty
Package: inputenc 2015/03/17 v1.2c Input encoding file
\inpenc@prehook=\toks16
\inpenc@posthook=\toks17

(/usr/share/texlive/texmf-dist/tex/latex/base/utf8.def
File: utf8.def 2017/01/28 v1.1t UTF-8 support for inputenc
Now handling font encoding OML ...
... no UTF-8 mapping file for font encoding OML
Now handling font encoding T1 ...
... processing UTF-8 mapping file for font encoding T1

(/usr/share/texlive/texmf-dist/tex/latex/base/t1enc.dfu
File: t1enc.dfu 2017/01/28 v1.1t UTF-8 support for inputenc
   defining Unicode char U+00A0 (decimal 160)
   defining Unicode char U+00A1 (decimal 161)
   defining Unicode char U+00A3 (decimal 163)
   defining Unicode char U+00AB (decimal 171)
   defining Unicode char U+00AD (decimal 173)
   defining Unicode char U+00BB (decimal 187)
   defining Unicode char U+00BF (decimal 191)
   defining Unicode char U+00C0 (decimal 192)
   defining Unicode char U+00C1 (decimal 193)
   defining Unicode char U+00C2 (decimal 194)
   defining Unicode char U+00C3 (decimal 195)
   defining Unicode char U+00C4 (decimal 196)
   defining Unicode char U+00C5 (decimal 197)
   defining Unicode char U+00C6 (decimal 198)
   defining Unicode char U+00C7 (decimal 199)
   defining Unicode char U+00C8 (decimal 200)
   defining Unicode char U+00C9 (decimal 201)
   defining Unicode char U+00CA (decimal 202)
   defining Unicode char U+00CB (decimal 203)
   defining Unicode char U+00CC (decimal 204)
   defining Unicode char U+00CD (decimal 205)
   defining Unicode char U+00CE (decimal 206)
   defining Unicode char U+00CF (decimal 207)
   defining Unicode char U+00D0 (decimal 208)
   defining Unicode char U+00D1 (decimal 209)
   defining Unicode char U+00D2 (decimal 210)
   defining Unicode char U+00D3 (decimal 211)
   defining Unicode char U+00D4 (decimal 212)
   defining Unicode char U+00D5 (decimal 213)
   defining Unicode char U+00D6 (decimal 214)
   defining Unicode char U+00D8 (decimal 216)
   defining Unicode char U+00D9 (decimal 217)
   defining Unicode char U+00DA (decimal 218)
   defining Unicode char U+00DB (decimal 219)
   defining Unicode char U+00DC (decimal 220)
   defining Unicode char U+00DD (decimal 221)
   defining Unicode char U+00DE (decimal 222)
   defining Unicode char U+00DF (decimal 223)
   defining Unicode char U+00E0 (decimal 224)
   defining Unicode char U+00E1 (decimal 225)
   defining Unicode char U+00E2 (decimal 226)
   defining Unicode char U+00E3 (decimal 227)
   defining Unicode char U+00E4 (decimal 228)
   defining Unicode char U+00E5 (decimal 229)
   defining Unicode char U+00E6 (decimal 230)
   defining Unicode char U+00E7 (decimal 231)
   defining Unicode char U+00E8 (decimal 232)
   defining Unicode char U+00E9 (decimal 233)
   defining Unicode char U+00EA (decimal 234)
   defining Unicode char U+00EB (decimal 235)
   defining Unicode char U+00EC (decimal 236)
   defining Unicode char U+00ED (decimal 237)
   defining Unicode char U+00EE (decimal 238)
   defining Unicode char U+00EF (decimal 239)
   defining Unicode char U+00F0 (decimal 240)
   defining Unicode char U+00F1 (decimal 241)
   defining Unicode char U+00F2 (decimal 242)
   defining Unicode char U+00F3 (decimal 243)
   defining Unicode char U+00F4 (decimal 244)
   defining Unicode char U+00F5 (decimal 245)
   defining Unicode char U+00F6 (decimal 246)
   defining Unicode char U+00F8 (decimal 248)
   defining Unicode char U+00F9 (decimal 249)
   defining Unicode char U+00FA (decimal 250)
   defining Unicode char U+00FB (decimal 251)
   defining Unicode char U+00FC (decimal 252)
   defining Unicode char U+00FD (decimal 253)
   defining Unicode char U+00FE (decimal 254)
   defining Unicode char U+00FF (decimal 255)
   defining Unicode char U+0100 (decimal 256)
   defining Unicode char U+0101 (decimal 257)
   defining Unicode char U+0102 (decimal 258)
   defining Unicode char U+0103 (decimal 259)
   defining Unicode char U+0104 (decimal 260)
   defining Unicode char U+0105 (decimal 261)
   defining Unicode char U+0106 (decimal 262)
   defining Unicode char U+0107 (decimal 263)
   defining Unicode char U+0108 (decimal 264)
   defining Unicode char U+0109 (decimal 265)
   defining Unicode char U+010A (decimal 266)
   defining Unicode char U+010B (decimal 267)
   defining Unicode char U+010C (decimal 268)
   defining Unicode char U+010D (decimal 269)
   defining Unicode char U+010E (decimal 270)
   defining Unicode char U+010F (decimal 271)
   defining Unicode char U+0110 (decimal 272)
   defining Unicode char U+0111 (decimal 273)
   defining Unicode char U+0112 (decimal 274)
   defining Unicode char U+0113 (decimal 275)
   defining Unicode char U+0114 (decimal 276)
   defining Unicode char U+0115 (decimal 277)
   defining Unicode char U+0116 (decimal 278)
   defining Unicode char U+0117 (decimal 279)
   defining Unicode char U+0118 (decimal 280)
   defining Unicode char U+0119 (decimal 281)
   defining Unicode char U+011A (decimal 282)
   defining Unicode char U+011B (decimal 283)
   defining Unicode char U+011C (decimal 284)
   defining Unicode char U+011D (decimal 285)
   defining Unicode char U+011E (decimal 286)
   defining Unicode char U+011F (decimal 287)
   defining Unicode char U+0120 (decimal 288)
   defining Unicode char U+0121 (decimal 289)
   defining Unicode char U+0122 (decimal 290)
   defining Unicode char U+0123 (decimal 291)
   defining Unicode char U+0124 (decimal 292)
   defining Unicode char U+0125 (decimal 293)
   defining Unicode char U+0128 (decimal 296)
   defining Unicode char U+0129 (decimal 297)
   defining Unicode char U+012A (decimal 298)
   defining Unicode char U+012B (decimal 299)
   defining Unicode char U+012C (decimal 300)
   defining Unicode char U+012D (decimal 301)
   defining Unicode char U+012E (decimal 302)
   defining Unicode char U+012F (decimal 303)
   defining Unicode char U+0130 (decimal 304)
   defining Unicode char U+0131 (decimal 305)
   defining Unicode char U+0132 (decimal 306)
   defining Unicode char U+0133 (decimal 307)
   defining Unicode char U+0134 (decimal 308)
   defining Unicode char U+0135 (decimal 309)
   defining Unicode char U+0136 (decimal 310)
   defining Unicode char U+0137 (decimal 311)
   defining Unicode char U+0139 (decimal 313)
   defining Unicode char U+013A (decimal 314)
   defining Unicode char U+013B (decimal 315)
   defining Unicode char U+013C (decimal 316)
   defining Unicode char U+013D (decimal 317)
   defining Unicode char U+013E (decimal 318)
   defining Unicode char U+0141 (decimal 321)
   defining Unicode char U+0142 (decimal 322)
   defining Unicode char U+0143 (decimal 323)
   defining Unicode char U+0144 (decimal 324)
   defining Unicode char U+0145 (decimal 325)
   defining Unicode char U+0146 (decimal 326)
   defining Unicode char U+0147 (decimal 327)
   defining Unicode char U+0148 (decimal 328)
   defining Unicode char U+014A (decimal 330)
   defining Unicode char U+014B (decimal 331)
   defining Unicode char U+014C (decimal 332)
   defining Unicode char U+014D (decimal 333)
   defining Unicode char U+014E (decimal 334)
   defining Unicode char U+014F (decimal 335)
   defining Unicode char U+0150 (decimal 336)
   defining Unicode char U+0151 (decimal 337)
   defining Unicode char U+0152 (decimal 338)
   defining Unicode char U+0153 (decimal 339)
   defining Unicode char U+0154 (decimal 340)
   defining Unicode char U+0155 (decimal 341)
   defining Unicode char U+0156 (decimal 342)
   defining Unicode char U+0157 (decimal 343)
   defining Unicode char U+0158 (decimal 344)
   defining Unicode char U+0159 (decimal 345)
   defining Unicode char U+015A (decimal 346)
   defining Unicode char U+015B (decimal 347)
   defining Unicode char U+015C (decimal 348)
   defining Unicode char U+015D (decimal 349)
   defining Unicode char U+015E (decimal 350)
   defining Unicode char U+015F (decimal 351)
   defining Unicode char U+0160 (decimal 352)
   defining Unicode char U+0161 (decimal 353)
   defining Unicode char U+0162 (decimal 354)
   defining Unicode char U+0163 (decimal 355)
   defining Unicode char U+0164 (decimal 356)
   defining Unicode char U+0165 (decimal 357)
   defining Unicode char U+0168 (decimal 360)
   defining Unicode char U+0169 (decimal 361)
   defining Unicode char U+016A (decimal 362)
   defining Unicode char U+016B (decimal 363)
   defining Unicode char U+016C (decimal 364)
   defining Unicode char U+016D (decimal 365)
   defining Unicode char U+016E (decimal 366)
   defining Unicode char U+016F (decimal 367)
   defining Unicode char U+0170 (decimal 368)
   defining Unicode char U+0171 (decimal 369)
   defining Unicode char U+0172 (decimal 370)
   defining Unicode char U+0173 (decimal 371)
   defining Unicode char U+0174 (decimal 372)
   defining Unicode char U+0175 (decimal 373)
   defining Unicode char U+0176 (decimal 374)
   defining Unicode char U+0177 (decimal 375)
   defining Unicode char U+0178 (decimal 376)
   defining Unicode char U+0179 (decimal 377)
   defining Unicode char U+017A (decimal 378)
   defining Unicode char U+017B (decimal 379)
   defining Unicode char U+017C (decimal 380)
   defining Unicode char U+017D (decimal 381)
   defining Unicode char U+017E (decimal 382)
   defining Unicode char U+01CD (decimal 461)
   defining Unicode char U+01CE (decimal 462)
   defining Unicode char U+01CF (decimal 463)
   defining Unicode char U+01D0 (decimal 464)
   defining Unicode char U+01D1 (decimal 465)
   defining Unicode char U+01D2 (decimal 466)
   defining Unicode char U+01D3 (decimal 467)
   defining Unicode char U+01D4 (decimal 468)
   defining Unicode char U+01E2 (decimal 482)
   defining Unicode char U+01E3 (decimal 483)
   defining Unicode char U+01E6 (decimal 486)
   defining Unicode char U+01E7 (decimal 487)
   defining Unicode char U+01E8 (decimal 488)
   defining Unicode char U+01E9 (decimal 489)
   defining Unicode char U+01EA (decimal 490)
   defining Unicode char U+01EB (decimal 491)
   defining Unicode char U+01F0 (decimal 496)
   defining Unicode char U+01F4 (decimal 500)
   defining Unicode char U+01F5 (decimal 501)
   defining Unicode char U+0218 (decimal 536)
   defining Unicode char U+0219 (decimal 537)
   defining Unicode char U+021A (decimal 538)
   defining Unicode char U+021B (decimal 539)
   defining Unicode char U+0232 (decimal 562)
   defining Unicode char U+0233 (decimal 563)
   defining Unicode char U+1E02 (decimal 7682)
   defining Unicode char U+1E03 (decimal 7683)
   defining Unicode char U+200C (decimal 8204)
   defining Unicode char U+2010 (decimal 8208)
   defining Unicode char U+2011 (decimal 8209)
   defining Unicode char U+2012 (decimal 8210)
   defining Unicode char U+2013 (decimal 8211)
   defining Unicode char U+2014 (decimal 8212)
   defining Unicode char U+2015 (decimal 8213)
   defining Unicode char U+2018 (decimal 8216)
   defining Unicode char U+2019 (decimal 8217)
   defining Unicode char U+201A (decimal 8218)
   defining Unicode char U+201C (decimal 8220)
   defining Unicode char U+201D (decimal 8221)
   defining Unicode char U+201E (decimal 8222)
   defining Unicode char U+2030 (decimal 8240)
   defining Unicode char U+2031 (decimal 8241)
   defining Unicode char U+2039 (decimal 8249)
   defining Unicode char U+203A (decimal 8250)
   defining Unicode char U+2423 (decimal 9251)
   defining Unicode char U+1E20 (decimal 7712)
   defining Unicode char U+1E21 (decimal 7713)
)
Now handling font encoding OT1 ...
... processing UTF-8 mapping file for font encoding OT1

(/usr/share/texlive/texmf-dist/tex/latex/base/ot1enc.dfu
File: ot1enc.dfu 2017/01/28 v1.1t UTF-8 support for inputenc
   defining Unicode char U+00A0 (decimal 160)
   defining Unicode char U+00A1 (decimal 161)
   defining Unicode char U+00A3 (decimal 163)
   defining Unicode char U+00AD (decimal 173)
   defining Unicode char U+00B8 (decimal 184)
   defining Unicode char U+00BF (decimal 191)
   defining Unicode char U+00C5 (decimal 197)
   defining Unicode char U+00C6 (decimal 198)
   defining Unicode char U+00D8 (decimal 216)
   defining Unicode char U+00DF (decimal 223)
   defining Unicode char U+00E6 (decimal 230)
   defining Unicode char U+00EC (decimal 236)
   defining Unicode char U+00ED (decimal 237)
   defining Unicode char U+00EE (decimal 238)
   defining Unicode char U+00EF (decimal 239)
   defining Unicode char U+00F8 (decimal 248)
   defining Unicode char U+0131 (decimal 305)
   defining Unicode char U+0141 (decimal 321)
   defining Unicode char U+0142 (decimal 322)
   defining Unicode char U+0152 (decimal 338)
   defining Unicode char U+0153 (decimal 339)
   defining Unicode char U+0174 (decimal 372)
   defining Unicode char U+0175 (decimal 373)
   defining Unicode char U+0176 (decimal 374)
   defining Unicode char U+0177 (decimal 375)
   defining Unicode char U+0218 (decimal 536)
   defining Unicode char U+0219 (decimal 537)
   defining Unicode char U+021A (decimal 538)
   defining Unicode char U+021B (decimal 539)
   defining Unicode char U+2013 (decimal 8211)
   defining Unicode char U+2014 (decimal 8212)
   defining Unicode char U+2018 (decimal 8216)
   defining Unicode char U+2019 (decimal 8217)
   defining Unicode char U+201C (decimal 8220)
   defining Unicode char U+201D (decimal 8221)
)
Now handling font encoding OMS ...
... processing UTF-8 mapping file for font encoding OMS

(/usr/share/texlive/texmf-dist/tex/latex/base/omsenc.dfu
File: omsenc.dfu 2017/01/28 v1.1t UTF-8 support for inputenc
   defining Unicode char U+00A7 (decimal 167)
   defining Unicode char U+00B6 (decimal 182)
   defining Unicode char U+00B7 (decimal 183)
   defining Unicode char U+2020 (decimal 8224)
   defining Unicode char U+2021 (decimal 8225)
   defining Unicode char U+2022 (decimal 8226)
)
Now handling font encoding OMX ...
... no UTF-8 mapping file for font encoding OMX
Now handling font encoding U ...
... no UTF-8 mapping file for font encoding U
   defining Unicode char U+00A9 (decimal 169)
   defining Unicode char U+00AA (decimal 170)
   defining Unicode char U+00AE (decimal 174)
   defining Unicode char U+00BA (decimal 186)
   defining Unicode char U+02C6 (decimal 710)
   defining Unicode char U+02DC (decimal 732)
   defining Unicode char U+200C (decimal 8204)
   defining Unicode char U+2026 (decimal 8230)
   defining Unicode char U+2122 (decimal 8482)
   defining Unicode char U+2423 (decimal 9251)
))
(/usr/share/texlive/texmf-dist/tex/latex/eurosym/eurosym.sty
Package: eurosym 1998/08/06 v1.1 European currency symbol ``Euro''
\@eurobox=\box26
)
(/usr/share/texlive/texmf-dist/tex/latex/minted/minted.sty
Package: minted 2017/07/19 v2.5 Yet another Pygments shim for LaTeX

(/usr/share/texlive/texmf-dist/tex/latex/oberdiek/kvoptions.sty
Package: kvoptions 2016/05/16 v3.12 Key value format for package options (HO)

(/usr/share/texlive/texmf-dist/tex/generic/oberdiek/ltxcmds.sty
Package: ltxcmds 2016/05/16 v1.23 LaTeX kernel commands for general use (HO)
)
(/usr/share/texlive/texmf-dist/tex/generic/oberdiek/kvsetkeys.sty
Package: kvsetkeys 2016/05/16 v1.17 Key value parser (HO)

(/usr/share/texlive/texmf-dist/tex/generic/oberdiek/infwarerr.sty
Package: infwarerr 2016/05/16 v1.4 Providing info/warning/error messages (HO)
)
(/usr/share/texlive/texmf-dist/tex/generic/oberdiek/etexcmds.sty
Package: etexcmds 2016/05/16 v1.6 Avoid name clashes with e-TeX commands (HO)

(/usr/share/texlive/texmf-dist/tex/generic/oberdiek/ifluatex.sty
Package: ifluatex 2016/05/16 v1.4 Provides the ifluatex switch (HO)
Package ifluatex Info: LuaTeX not detected.
)
Package etexcmds Info: Could not find \expanded.
(etexcmds)             That can mean that you are not using pdfTeX 1.50 or
(etexcmds)             that some package has redefined \expanded.
(etexcmds)             In the latter case, load this package earlier.
)))
(/usr/share/texlive/texmf-dist/tex/latex/fvextra/fvextra.sty
Package: fvextra 2017/07/08 v1.3.1 fvextra - extensions and patches for fancyvr
b

(/usr/share/texlive/texmf-dist/tex/latex/base/ifthen.sty
Package: ifthen 2014/09/29 v1.1c Standard LaTeX ifthen package (DPC)
)
(/usr/share/texlive/texmf-dist/tex/latex/etoolbox/etoolbox.sty
Package: etoolbox 2018/02/11 v2.5e e-TeX tools for LaTeX (JAW)
\etb@tempcnta=\count93
)
(/usr/share/texlive/texmf-dist/tex/latex/fancyvrb/fancyvrb.sty
Package: fancyvrb 2008/02/07

Style option: `fancyvrb' v2.7a, with DG/SPQR fixes, and firstline=lastline fix 
<2008/02/07> (tvz)
\FV@CodeLineNo=\count94
\FV@InFile=\read1
\FV@TabBox=\box27
\c@FancyVerbLine=\count95
\FV@StepNumber=\count96
\FV@OutFile=\write3
)
(/usr/share/texlive/texmf-dist/tex/latex/upquote/upquote.sty
Package: upquote 2012/04/19 v1.3 upright-quote and grave-accent glyphs in verba
tim
)
(/usr/share/texlive/texmf-dist/tex/latex/lineno/lineno.sty
Package: lineno 2005/11/02 line numbers on paragraphs v4.41
\linenopenalty=\count97
\output=\toks18
\linenoprevgraf=\count98
\linenumbersep=\dimen111
\linenumberwidth=\dimen112
\c@linenumber=\count99
\c@pagewiselinenumber=\count100
\c@LN@truepage=\count101
\c@internallinenumber=\count102
\c@internallinenumbers=\count103
\quotelinenumbersep=\dimen113
\bframerule=\dimen114
\bframesep=\dimen115
\bframebox=\box28
LaTeX Info: Redefining \\ on input line 3056.
)
\c@FV@TrueTabGroupLevel=\count104
\c@FV@TrueTabCounter=\count105
\FV@TabBox@Group=\box29
\FV@TmpLength=\skip43
\c@FV@HighlightLinesStart=\count106
\c@FV@HighlightLinesStop=\count107
\FV@LoopCount=\count108
\FV@NCharsBox=\box30
\FV@BreakIndent=\dimen116
\FV@BreakIndentNChars=\count109
\FV@BreakSymbolSepLeft=\dimen117
\FV@BreakSymbolSepLeftNChars=\count110
\FV@BreakSymbolSepRight=\dimen118
\FV@BreakSymbolSepRightNChars=\count111
\FV@BreakSymbolIndentLeft=\dimen119
\FV@BreakSymbolIndentLeftNChars=\count112
\FV@BreakSymbolIndentRight=\dimen120
\FV@BreakSymbolIndentRightNChars=\count113
\c@FancyVerbLineBreakLast=\count114
\FV@LineBox=\box31
\FV@LineIndentBox=\box32
)
(/usr/share/texlive/texmf-dist/tex/latex/tools/calc.sty
Package: calc 2014/10/28 v4.3 Infix arithmetic (KKT,FJ)
\calc@Acount=\count115
\calc@Bcount=\count116
\calc@Adimen=\dimen121
\calc@Bdimen=\dimen122
\calc@Askip=\skip44
\calc@Bskip=\skip45
LaTeX Info: Redefining \setlength on input line 80.
LaTeX Info: Redefining \addtolength on input line 81.
\calc@Ccount=\count117
\calc@Cskip=\skip46
)
(/usr/share/texlive/texmf-dist/tex/latex/tools/shellesc.sty
Package: shellesc 2016/06/07 v0.02a unified shell escape interface for LaTeX
Package shellesc Info: Unrestricted shell escape enabled on input line 67.
)
(/usr/share/texlive/texmf-dist/tex/latex/ifplatform/ifplatform.sty
Package: ifplatform 2017/10/13 v0.4a Testing for the operating system

(/usr/share/texlive/texmf-dist/tex/generic/oberdiek/pdftexcmds.sty
Package: pdftexcmds 2018/01/21 v0.26 Utility functions of pdfTeX for LuaTeX (HO
)

(/usr/share/texlive/texmf-dist/tex/generic/oberdiek/ifpdf.sty
Package: ifpdf 2017/03/15 v3.2 Provides the ifpdf switch
)
Package pdftexcmds Info: LuaTeX not detected.
Package pdftexcmds Info: \pdf@primitive is available.
Package pdftexcmds Info: \pdf@ifprimitive is available.
Package pdftexcmds Info: \pdfdraftmode found.
)
(/usr/share/texlive/texmf-dist/tex/generic/oberdiek/catchfile.sty
Package: catchfile 2016/05/16 v1.7 Catch the contents of a file (HO)
)
runsystem(uname -s > "main.w18")...executed.

 (./main.w18)
runsystem(rm -- "main.w18")...executed.

) (/usr/share/texlive/texmf-dist/tex/generic/xstring/xstring.sty
(/usr/share/texlive/texmf-dist/tex/generic/xstring/xstring.tex
\@xs@message=\write4
\integerpart=\count118
\decimalpart=\count119
)
Package: xstring 2013/10/13  v1.7c  String manipulations (C Tellechea)
)
(/usr/share/texlive/texmf-dist/tex/latex/framed/framed.sty
Package: framed 2011/10/22 v 0.96: framed or shaded text with page breaks
\OuterFrameSep=\skip47
\fb@frw=\dimen123
\fb@frh=\dimen124
\FrameRule=\dimen125
\FrameSep=\dimen126
)
(/usr/share/texlive/texmf-dist/tex/latex/float/float.sty
Package: float 2001/11/08 v1.3d Float enhancements (AL)
\c@float@type=\count120
\float@exts=\toks19
\float@box=\box33
\@float@everytoks=\toks20
\@floatcapt=\box34
)
\minted@appexistsfile=\read2
\minted@bgbox=\box35
\minted@code=\write5
\c@minted@FancyVerbLineTemp=\count121
\c@minted@pygmentizecounter=\count122
\@float@every@listing=\toks21
\c@listing=\count123
)
(/usr/share/texlive/texmf-dist/tex/latex/graphics/graphicx.sty
Package: graphicx 2017/06/01 v1.1a Enhanced LaTeX Graphics (DPC,SPQR)

(/usr/share/texlive/texmf-dist/tex/latex/graphics/graphics.sty
Package: graphics 2017/06/25 v1.2c Standard LaTeX Graphics (DPC,SPQR)

(/usr/share/texlive/texmf-dist/tex/latex/graphics/trig.sty
Package: trig 2016/01/03 v1.10 sin cos tan (DPC)
)
(/usr/share/texlive/texmf-dist/tex/latex/graphics-cfg/graphics.cfg
File: graphics.cfg 2016/06/04 v1.11 sample graphics configuration
)
Package graphics Info: Driver file: pdftex.def on input line 99.

(/usr/share/texlive/texmf-dist/tex/latex/graphics-def/pdftex.def
File: pdftex.def 2018/01/08 v1.0l Graphics/color driver for pdftex
))
\Gin@req@height=\dimen127
\Gin@req@width=\dimen128
)
(/usr/share/texlive/texmf-dist/tex/latex/oberdiek/epstopdf.sty
Package: epstopdf 2016/05/15 v2.6 Conversion with epstopdf on the fly (HO)

(/usr/share/texlive/texmf-dist/tex/latex/oberdiek/epstopdf-base.sty
Package: epstopdf-base 2016/05/15 v2.6 Base part for package epstopdf

(/usr/share/texlive/texmf-dist/tex/latex/oberdiek/grfext.sty
Package: grfext 2016/05/16 v1.2 Manage graphics extensions (HO)

(/usr/share/texlive/texmf-dist/tex/generic/oberdiek/kvdefinekeys.sty
Package: kvdefinekeys 2016/05/16 v1.4 Define keys (HO)
))
Package epstopdf-base Info: Redefining graphics rule for `.eps' on input line 4
38.
Package grfext Info: Graphics extension search list:
(grfext)             [.pdf,.png,.jpg,.mps,.jpeg,.jbig2,.jb2,.PDF,.PNG,.JPG,.JPE
G,.JBIG2,.JB2,.eps]
(grfext)             \AppendGraphicsExtensions on input line 456.

(/usr/share/texlive/texmf-dist/tex/latex/latexconfig/epstopdf-sys.cfg
File: epstopdf-sys.cfg 2010/07/13 v1.3 Configuration of (r)epstopdf for TeX Liv
e
)))
(/usr/share/texlive/texmf-dist/tex/latex/natbib/natbib.sty
Package: natbib 2010/09/13 8.31b (PWD, AO)
\bibhang=\skip48
\bibsep=\skip49
LaTeX Info: Redefining \cite on input line 694.
\c@NAT@ctr=\count124
)
(/usr/share/texlive/texmf-dist/tex/latex/hyperref/hyperref.sty
Package: hyperref 2018/02/06 v6.86b Hypertext links for LaTeX

(/usr/share/texlive/texmf-dist/tex/generic/oberdiek/hobsub-hyperref.sty
Package: hobsub-hyperref 2016/05/16 v1.14 Bundle oberdiek, subset hyperref (HO)


(/usr/share/texlive/texmf-dist/tex/generic/oberdiek/hobsub-generic.sty
Package: hobsub-generic 2016/05/16 v1.14 Bundle oberdiek, subset generic (HO)
Package: hobsub 2016/05/16 v1.14 Construct package bundles (HO)
Package hobsub Info: Skipping package `infwarerr' (already loaded).
Package hobsub Info: Skipping package `ltxcmds' (already loaded).
Package hobsub Info: Skipping package `ifluatex' (already loaded).
Package: ifvtex 2016/05/16 v1.6 Detect VTeX and its facilities (HO)
Package ifvtex Info: VTeX not detected.
Package: intcalc 2016/05/16 v1.2 Expandable calculations with integers (HO)
Package hobsub Info: Skipping package `ifpdf' (already loaded).
Package hobsub Info: Skipping package `etexcmds' (already loaded).
Package hobsub Info: Skipping package `kvsetkeys' (already loaded).
Package hobsub Info: Skipping package `kvdefinekeys' (already loaded).
Package hobsub Info: Skipping package `pdftexcmds' (already loaded).
Package: pdfescape 2016/05/16 v1.14 Implements pdfTeX's escape features (HO)
Package: bigintcalc 2016/05/16 v1.4 Expandable calculations on big integers (HO
)
Package: bitset 2016/05/16 v1.2 Handle bit-vector datatype (HO)
Package: uniquecounter 2016/05/16 v1.3 Provide unlimited unique counter (HO)
)
Package hobsub Info: Skipping package `hobsub' (already loaded).
Package: letltxmacro 2016/05/16 v1.5 Let assignment for LaTeX macros (HO)
Package: hopatch 2016/05/16 v1.3 Wrapper for package hooks (HO)
Package: xcolor-patch 2016/05/16 xcolor patch
Package: atveryend 2016/05/16 v1.9 Hooks at the very end of document (HO)
Package: atbegshi 2016/06/09 v1.18 At begin shipout hook (HO)
Package: refcount 2016/05/16 v3.5 Data extraction from label references (HO)
Package: hycolor 2016/05/16 v1.8 Color options for hyperref/bookmark (HO)
)
(/usr/share/texlive/texmf-dist/tex/generic/ifxetex/ifxetex.sty
Package: ifxetex 2010/09/12 v0.6 Provides ifxetex conditional
)
(/usr/share/texlive/texmf-dist/tex/latex/oberdiek/auxhook.sty
Package: auxhook 2016/05/16 v1.4 Hooks for auxiliary files (HO)
)
\@linkdim=\dimen129
\Hy@linkcounter=\count125
\Hy@pagecounter=\count126

(/usr/share/texlive/texmf-dist/tex/latex/hyperref/pd1enc.def
File: pd1enc.def 2018/02/06 v6.86b Hyperref: PDFDocEncoding definition (HO)
Now handling font encoding PD1 ...
... no UTF-8 mapping file for font encoding PD1
)
\Hy@SavedSpaceFactor=\count127

(/usr/share/texlive/texmf-dist/tex/latex/latexconfig/hyperref.cfg
File: hyperref.cfg 2002/06/06 v1.2 hyperref configuration of TeXLive
)
Package hyperref Info: Hyper figures OFF on input line 4509.
Package hyperref Info: Link nesting OFF on input line 4514.
Package hyperref Info: Hyper index ON on input line 4517.
Package hyperref Info: Plain pages OFF on input line 4524.
Package hyperref Info: Backreferencing OFF on input line 4529.
Package hyperref Info: Implicit mode ON; LaTeX internals redefined.
Package hyperref Info: Bookmarks ON on input line 4762.
\c@Hy@tempcnt=\count128

(/usr/share/texlive/texmf-dist/tex/latex/url/url.sty
\Urlmuskip=\muskip10
Package: url 2013/09/16  ver 3.4  Verb mode for urls, etc.
)
LaTeX Info: Redefining \url on input line 5115.
\XeTeXLinkMargin=\dimen130
\Fld@menulength=\count129
\Field@Width=\dimen131
\Fld@charsize=\dimen132
Package hyperref Info: Hyper figures OFF on input line 6369.
Package hyperref Info: Link nesting OFF on input line 6374.
Package hyperref Info: Hyper index ON on input line 6377.
Package hyperref Info: backreferencing OFF on input line 6384.
Package hyperref Info: Link coloring OFF on input line 6389.
Package hyperref Info: Link coloring with OCG OFF on input line 6394.
Package hyperref Info: PDF/A mode OFF on input line 6399.
LaTeX Info: Redefining \ref on input line 6439.
LaTeX Info: Redefining \pageref on input line 6443.
\Hy@abspage=\count130
\c@Item=\count131
\c@Hfootnote=\count132
)
Package hyperref Info: Driver (autodetected): hpdftex.

(/usr/share/texlive/texmf-dist/tex/latex/hyperref/hpdftex.def
File: hpdftex.def 2018/02/06 v6.86b Hyperref driver for pdfTeX
\Fld@listcount=\count133
\c@bookmark@seq@number=\count134

(/usr/share/texlive/texmf-dist/tex/latex/oberdiek/rerunfilecheck.sty
Package: rerunfilecheck 2016/05/16 v1.8 Rerun checks for auxiliary files (HO)
Package uniquecounter Info: New unique counter `rerunfilecheck' on input line 2
82.
)
\Hy@SectionHShift=\skip50
)
Package hyperref Info: Option `colorlinks' set `true' on input line 18.

(/usr/share/texlive/texmf-dist/tex/latex/multirow/multirow.sty
Package: multirow 2016/11/25 v2.2 Span multiple rows of a table
\multirow@colwidth=\skip51
\multirow@cntb=\count135
\multirow@dima=\skip52
\bigstrutjot=\dimen133
)
(/usr/share/texlive/texmf-dist/tex/latex/tools/array.sty
Package: array 2016/10/06 v2.4d Tabular extension package (FMi)
\col@sep=\dimen134
\extrarowheight=\dimen135
\NC@list=\toks22
\extratabsurround=\skip53
\backup@length=\skip54
)
(/usr/share/texlive/texmf-dist/tex/latex/diagbox/diagbox.sty
Package: diagbox 2016/12/28 v2.2 Making table heads with diagonal lines

(/usr/share/texlive/texmf-dist/tex/latex/pict2e/pict2e.sty
Package: pict2e 2016/02/05 v0.3b Improved picture commands (HjG,RN,JT)

(/usr/share/texlive/texmf-dist/tex/latex/pict2e/pict2e.cfg
File: pict2e.cfg 2016/02/05 v0.1u pict2e configuration for teTeX/TeXLive
)
Package pict2e Info: Driver file: pdftex.def on input line 119.
Package pict2e Info: Driver file for pict2e: p2e-pdftex.def on input line 121.

(/usr/share/texlive/texmf-dist/tex/latex/pict2e/p2e-pdftex.def
File: p2e-pdftex.def 2016/02/05 v0.1u Driver-dependant file (RN,HjG,JT)
)
\pIIe@GRAPH=\toks23
\@arclen=\dimen136
\@arcrad=\dimen137
\@tempdimd=\dimen138
)
(/usr/share/texlive/texmf-dist/tex/latex/fp/fp.sty
Package: fp 1995/04/02

`Fixed Point Package', Version 0.8, April 2, 1995 (C) Michael Mehlich
(/usr/share/texlive/texmf-dist/tex/latex/fp/defpattern.sty
Package: defpattern 1994/10/12
\actioncount=\count136
)
(/usr/share/texlive/texmf-dist/tex/latex/fp/fp-basic.sty
Package: fp-basic 1996/05/13
\FP@xs=\count137
\FP@xia=\count138
\FP@xib=\count139
\FP@xfa=\count140
\FP@xfb=\count141
\FP@rega=\count142
\FP@regb=\count143
\FP@regs=\count144
\FP@times=\count145
)
(/usr/share/texlive/texmf-dist/tex/latex/fp/fp-addons.sty
Package: fp-addons 1995/03/15
)
(/usr/share/texlive/texmf-dist/tex/latex/fp/fp-snap.sty
Package: fp-snap 1995/04/05
)
(/usr/share/texlive/texmf-dist/tex/latex/fp/fp-exp.sty
Package: fp-exp 1995/04/03
)
(/usr/share/texlive/texmf-dist/tex/latex/fp/fp-trigo.sty
Package: fp-trigo 1995/04/14
)
(/usr/share/texlive/texmf-dist/tex/latex/fp/fp-pas.sty
Package: fp-pas 1994/08/29
)
(/usr/share/texlive/texmf-dist/tex/latex/fp/fp-random.sty
Package: fp-random 1995/02/23
\FPseed=\count146
)
(/usr/share/texlive/texmf-dist/tex/latex/fp/fp-eqn.sty
Package: fp-eqn 1995/04/03
)
(/usr/share/texlive/texmf-dist/tex/latex/fp/fp-upn.sty
Package: fp-upn 1996/10/21
)
(/usr/share/texlive/texmf-dist/tex/latex/fp/fp-eval.sty
Package: fp-eval 1995/04/03
))
\diagbox@boxa=\box36
\diagbox@boxb=\box37
\diagbox@boxm=\box38
\diagbox@wd=\dimen139
\diagbox@ht=\dimen140
\diagbox@insepl=\dimen141
\diagbox@insepr=\dimen142
\diagbox@outsepl=\dimen143
\diagbox@outsepr=\dimen144
)
(/usr/share/texlive/texmf-dist/tex/latex/xcolor/xcolor.sty
Package: xcolor 2016/05/11 v2.12 LaTeX color extensions (UK)

(/usr/share/texlive/texmf-dist/tex/latex/graphics-cfg/color.cfg
File: color.cfg 2016/01/02 v1.6 sample color configuration
)
Package xcolor Info: Driver file: pdftex.def on input line 225.
Package xcolor Info: Model `cmy' substituted by `cmy0' on input line 1348.
Package xcolor Info: Model `hsb' substituted by `rgb' on input line 1352.
Package xcolor Info: Model `RGB' extended on input line 1364.
Package xcolor Info: Model `HTML' substituted by `rgb' on input line 1366.
Package xcolor Info: Model `Hsb' substituted by `hsb' on input line 1367.
Package xcolor Info: Model `tHsb' substituted by `hsb' on input line 1368.
Package xcolor Info: Model `HSB' substituted by `hsb' on input line 1369.
Package xcolor Info: Model `Gray' substituted by `gray' on input line 1370.
Package xcolor Info: Model `wave' substituted by `hsb' on input line 1371.
)
runsystem(which pygmentize && touch main.aex)...executed.

runsystem(rm main.aex)...executed.

 (./main.aux
LaTeX Info: Redefining \. on input line 23.
LaTeX Info: Redefining \% on input line 23.


LaTeX Warning: Label `fig:docker' multiply defined.


LaTeX Warning: Label `fig:dock' multiply defined.

)
\openout1 = `main.aux'.

LaTeX Font Info:    Checking defaults for OML/cmm/m/it on input line 43.
LaTeX Font Info:    ... okay on input line 43.
LaTeX Font Info:    Checking defaults for T1/cmr/m/n on input line 43.
LaTeX Font Info:    ... okay on input line 43.
LaTeX Font Info:    Checking defaults for OT1/cmr/m/n on input line 43.
LaTeX Font Info:    ... okay on input line 43.
LaTeX Font Info:    Checking defaults for OMS/cmsy/m/n on input line 43.
LaTeX Font Info:    ... okay on input line 43.
LaTeX Font Info:    Checking defaults for OMX/cmex/m/n on input line 43.
LaTeX Font Info:    ... okay on input line 43.
LaTeX Font Info:    Checking defaults for U/cmr/m/n on input line 43.
LaTeX Font Info:    ... okay on input line 43.
LaTeX Font Info:    Checking defaults for PD1/pdf/m/n on input line 43.
LaTeX Font Info:    ... okay on input line 43.
LaTeX Info: Redefining \. on input line 43.
LaTeX Info: Redefining \% on input line 43.
Package caption Info: Begin \AtBeginDocument code.
Package caption Info: float package is loaded.
Package caption Info: hyperref package is loaded.
Package caption Info: End \AtBeginDocument code.
 (/usr/share/texlive/texmf-dist/tex/context/base/mkii/supp-pdf.mkii
[Loading MPS to PDF converter (version 2006.09.02).]
\scratchcounter=\count147
\scratchdimen=\dimen145
\scratchbox=\box39
\nofMPsegments=\count148
\nofMParguments=\count149
\everyMPshowfont=\toks24
\MPscratchCnt=\count150
\MPscratchDim=\dimen146
\MPnumerator=\count151
\makeMPintoPDFobject=\count152
\everyMPtoPDFconversion=\toks25
)
\AtBeginShipoutBox=\box40
Package hyperref Info: Link coloring ON on input line 43.
 (/usr/share/texlive/texmf-dist/tex/latex/hyperref/nameref.sty
Package: nameref 2016/05/21 v2.44 Cross-referencing by name of section

(/usr/share/texlive/texmf-dist/tex/generic/oberdiek/gettitlestring.sty
Package: gettitlestring 2016/05/16 v1.5 Cleanup title references (HO)
)
\c@section@level=\count153
)
LaTeX Info: Redefining \ref on input line 43.
LaTeX Info: Redefining \pageref on input line 43.
LaTeX Info: Redefining \nameref on input line 43.

(./main.out) (./main.out)
\@outlinefile=\write6
\openout6 = `main.out'.

LaTeX Font Info:    External font `cmex10' loaded for size
(Font)              <20.74> on input line 46.
LaTeX Font Info:    External font `cmex10' loaded for size
(Font)              <14.4> on input line 46.
LaTeX Font Info:    External font `cmex10' loaded for size
(Font)              <12> on input line 46.
<images/logo.png, id=64, 268.00125pt x 189.70876pt>
File: images/logo.png Graphic file (type png)
<use images/logo.png>
Package pdftex.def Info: images/logo.png  used on input line 46.
(pdftex.def)             Requested size: 268.00058pt x 189.70828pt.
LaTeX Font Info:    External font `cmex10' loaded for size
(Font)              <8> on input line 46.
LaTeX Font Info:    External font `cmex10' loaded for size
(Font)              <6> on input line 46.
Package babel Info: Redefining spanish shorthand <<
(babel)             in language  on input line 46.
Package babel Info: Redefining spanish shorthand >>
(babel)             in language  on input line 46.
Package babel Info: Redefining spanish shorthand "=
(babel)             in language  on input line 46.
Package babel Info: Redefining spanish shorthand "~
(babel)             in language  on input line 46.
Package babel Info: Redefining spanish shorthand "!
(babel)             in language  on input line 46.
Package babel Info: Redefining spanish shorthand "?
(babel)             in language  on input line 46.
Package babel Info: Redefining spanish shorthand <<
(babel)             in language  on input line 46.
Package babel Info: Redefining spanish shorthand >>
(babel)             in language  on input line 46.
Package babel Info: Redefining spanish shorthand "=
(babel)             in language  on input line 46.
Package babel Info: Redefining spanish shorthand "~
(babel)             in language  on input line 46.
Package babel Info: Redefining spanish shorthand "!
(babel)             in language  on input line 46.
Package babel Info: Redefining spanish shorthand "?
(babel)             in language  on input line 46.
 [1

{/var/lib/texmf/fonts/map/pdftex/updmap/pdftex.map} <./images/logo.png>] (./mai
n.toc
LaTeX Info: Redefining \. on input line 1.
LaTeX Info: Redefining \% on input line 1.
LaTeX Font Info:    External font `cmex10' loaded for size
(Font)              <10.95> on input line 4.
)
\tf@toc=\write7
\openout7 = `main.toc'.

 (./main.lof
LaTeX Info: Redefining \. on input line 1.
LaTeX Info: Redefining \% on input line 1.
)
\tf@lof=\write8
\openout8 = `main.lof'.

Package babel Info: Redefining spanish shorthand <<
(babel)             in language  on input line 49.
Package babel Info: Redefining spanish shorthand >>
(babel)             in language  on input line 49.
Package babel Info: Redefining spanish shorthand "=
(babel)             in language  on input line 49.
Package babel Info: Redefining spanish shorthand "~
(babel)             in language  on input line 49.
Package babel Info: Redefining spanish shorthand "!
(babel)             in language  on input line 49.
Package babel Info: Redefining spanish shorthand "?
(babel)             in language  on input line 49.
Package babel Info: Redefining spanish shorthand <<
(babel)             in language  on input line 49.
Package babel Info: Redefining spanish shorthand >>
(babel)             in language  on input line 49.
Package babel Info: Redefining spanish shorthand "=
(babel)             in language  on input line 49.
Package babel Info: Redefining spanish shorthand "~
(babel)             in language  on input line 49.
Package babel Info: Redefining spanish shorthand "!
(babel)             in language  on input line 49.
Package babel Info: Redefining spanish shorthand "?
(babel)             in language  on input line 49.
 [2]
Package babel Info: Redefining spanish shorthand <<
(babel)             in language  on input line 50.
Package babel Info: Redefining spanish shorthand >>
(babel)             in language  on input line 50.
Package babel Info: Redefining spanish shorthand "=
(babel)             in language  on input line 50.
Package babel Info: Redefining spanish shorthand "~
(babel)             in language  on input line 50.
Package babel Info: Redefining spanish shorthand "!
(babel)             in language  on input line 50.
Package babel Info: Redefining spanish shorthand "?
(babel)             in language  on input line 50.
Package babel Info: Redefining spanish shorthand <<
(babel)             in language  on input line 56.
Package babel Info: Redefining spanish shorthand >>
(babel)             in language  on input line 56.
Package babel Info: Redefining spanish shorthand "=
(babel)             in language  on input line 56.
Package babel Info: Redefining spanish shorthand "~
(babel)             in language  on input line 56.
Package babel Info: Redefining spanish shorthand "!
(babel)             in language  on input line 56.
Package babel Info: Redefining spanish shorthand "?
(babel)             in language  on input line 56.
<images/fig16.jpg, id=131, 405.01312pt x 156.585pt>
File: images/fig16.jpg Graphic file (type jpg)
<use images/fig16.jpg>
Package pdftex.def Info: images/fig16.jpg  used on input line 61.
(pdftex.def)             Requested size: 303.75908pt x 117.43845pt.

Underfull \hbox (badness 10000) in paragraph at lines 57--64

 []

Package babel Info: Redefining spanish shorthand <<
(babel)             in language  on input line 67.
Package babel Info: Redefining spanish shorthand >>
(babel)             in language  on input line 67.
Package babel Info: Redefining spanish shorthand "=
(babel)             in language  on input line 67.
Package babel Info: Redefining spanish shorthand "~
(babel)             in language  on input line 67.
Package babel Info: Redefining spanish shorthand "!
(babel)             in language  on input line 67.
Package babel Info: Redefining spanish shorthand "?
(babel)             in language  on input line 67.
Package babel Info: Redefining spanish shorthand <<
(babel)             in language  on input line 67.
Package babel Info: Redefining spanish shorthand >>
(babel)             in language  on input line 67.
Package babel Info: Redefining spanish shorthand "=
(babel)             in language  on input line 67.
Package babel Info: Redefining spanish shorthand "~
(babel)             in language  on input line 67.
Package babel Info: Redefining spanish shorthand "!
(babel)             in language  on input line 67.
Package babel Info: Redefining spanish shorthand "?
(babel)             in language  on input line 67.
[3 <./images/fig16.jpg>]
<images/fig17.jpg, id=137, 394.47375pt x 169.38281pt>
File: images/fig17.jpg Graphic file (type jpg)
<use images/fig17.jpg>
Package pdftex.def Info: images/fig17.jpg  used on input line 76.
(pdftex.def)             Requested size: 295.85458pt x 127.03679pt.
Package babel Info: Redefining spanish shorthand <<
(babel)             in language  on input line 81.
Package babel Info: Redefining spanish shorthand >>
(babel)             in language  on input line 81.
Package babel Info: Redefining spanish shorthand "=
(babel)             in language  on input line 81.
Package babel Info: Redefining spanish shorthand "~
(babel)             in language  on input line 81.
Package babel Info: Redefining spanish shorthand "!
(babel)             in language  on input line 81.
Package babel Info: Redefining spanish shorthand "?
(babel)             in language  on input line 81.
<images/estructura_hypervisor.png, id=140, 621.07031pt x 408.77719pt>
File: images/estructura_hypervisor.png Graphic file (type png)
<use images/estructura_hypervisor.png>
Package pdftex.def Info: images/estructura_hypervisor.png  used on input line 8
5.
(pdftex.def)             Requested size: 310.5344pt x 204.38809pt.
Package babel Info: Redefining spanish shorthand <<
(babel)             in language  on input line 89.
Package babel Info: Redefining spanish shorthand >>
(babel)             in language  on input line 89.
Package babel Info: Redefining spanish shorthand "=
(babel)             in language  on input line 89.
Package babel Info: Redefining spanish shorthand "~
(babel)             in language  on input line 89.
Package babel Info: Redefining spanish shorthand "!
(babel)             in language  on input line 89.
Package babel Info: Redefining spanish shorthand "?
(babel)             in language  on input line 89.
Package babel Info: Redefining spanish shorthand <<
(babel)             in language  on input line 89.
Package babel Info: Redefining spanish shorthand >>
(babel)             in language  on input line 89.
Package babel Info: Redefining spanish shorthand "=
(babel)             in language  on input line 89.
Package babel Info: Redefining spanish shorthand "~
(babel)             in language  on input line 89.
Package babel Info: Redefining spanish shorthand "!
(babel)             in language  on input line 89.
Package babel Info: Redefining spanish shorthand "?
(babel)             in language  on input line 89.
 [4 <./images/fig17.jpg>]
<images/estructura_docker_engine.png, id=147, 621.07031pt x 421.575pt>
File: images/estructura_docker_engine.png Graphic file (type png)
<use images/estructura_docker_engine.png>
Package pdftex.def Info: images/estructura_docker_engine.png  used on input lin
e 93.
(pdftex.def)             Requested size: 310.5344pt x 210.78697pt.

Underfull \hbox (badness 10000) in paragraph at lines 89--96

 []

Package babel Info: Redefining spanish shorthand <<
(babel)             in language  on input line 97.
Package babel Info: Redefining spanish shorthand >>
(babel)             in language  on input line 97.
Package babel Info: Redefining spanish shorthand "=
(babel)             in language  on input line 97.
Package babel Info: Redefining spanish shorthand "~
(babel)             in language  on input line 97.
Package babel Info: Redefining spanish shorthand "!
(babel)             in language  on input line 97.
Package babel Info: Redefining spanish shorthand "?
(babel)             in language  on input line 97.
Package babel Info: Redefining spanish shorthand <<
(babel)             in language  on input line 97.
Package babel Info: Redefining spanish shorthand >>
(babel)             in language  on input line 97.
Package babel Info: Redefining spanish shorthand "=
(babel)             in language  on input line 97.
Package babel Info: Redefining spanish shorthand "~
(babel)             in language  on input line 97.
Package babel Info: Redefining spanish shorthand "!
(babel)             in language  on input line 97.
Package babel Info: Redefining spanish shorthand "?
(babel)             in language  on input line 97.
[5 <./images/estructura_hypervisor.png>]
Package babel Info: Redefining spanish shorthand <<
(babel)             in language  on input line 97.
Package babel Info: Redefining spanish shorthand >>
(babel)             in language  on input line 97.
Package babel Info: Redefining spanish shorthand "=
(babel)             in language  on input line 97.
Package babel Info: Redefining spanish shorthand "~
(babel)             in language  on input line 97.
Package babel Info: Redefining spanish shorthand "!
(babel)             in language  on input line 97.
Package babel Info: Redefining spanish shorthand "?
(babel)             in language  on input line 97.
Package babel Info: Redefining spanish shorthand <<
(babel)             in language  on input line 98.
Package babel Info: Redefining spanish shorthand >>
(babel)             in language  on input line 98.
Package babel Info: Redefining spanish shorthand "=
(babel)             in language  on input line 98.
Package babel Info: Redefining spanish shorthand "~
(babel)             in language  on input line 98.
Package babel Info: Redefining spanish shorthand "!
(babel)             in language  on input line 98.
Package babel Info: Redefining spanish shorthand "?
(babel)             in language  on input line 98.

Underfull \hbox (badness 10000) in paragraph at lines 99--105

 []


Underfull \hbox (badness 10000) in paragraph at lines 99--105

 []


Underfull \hbox (badness 10000) in paragraph at lines 99--105

 []


Underfull \hbox (badness 10000) in paragraph at lines 99--105

 []


Underfull \hbox (badness 10000) in paragraph at lines 99--105

 []


Underfull \hbox (badness 10000) in paragraph at lines 99--105

 []


Underfull \hbox (badness 10000) in paragraph at lines 99--105

 []

Package babel Info: Redefining spanish shorthand <<
(babel)             in language  on input line 105.
Package babel Info: Redefining spanish shorthand >>
(babel)             in language  on input line 105.
Package babel Info: Redefining spanish shorthand "=
(babel)             in language  on input line 105.
Package babel Info: Redefining spanish shorthand "~
(babel)             in language  on input line 105.
Package babel Info: Redefining spanish shorthand "!
(babel)             in language  on input line 105.
Package babel Info: Redefining spanish shorthand "?
(babel)             in language  on input line 105.
Package babel Info: Redefining spanish shorthand <<
(babel)             in language  on input line 105.
Package babel Info: Redefining spanish shorthand >>
(babel)             in language  on input line 105.
Package babel Info: Redefining spanish shorthand "=
(babel)             in language  on input line 105.
Package babel Info: Redefining spanish shorthand "~
(babel)             in language  on input line 105.
Package babel Info: Redefining spanish shorthand "!
(babel)             in language  on input line 105.
Package babel Info: Redefining spanish shorthand "?
(babel)             in language  on input line 105.
[6 <./images/estructura_docker_engine.png>]
Package babel Info: Redefining spanish shorthand <<
(babel)             in language  on input line 105.
Package babel Info: Redefining spanish shorthand >>
(babel)             in language  on input line 105.
Package babel Info: Redefining spanish shorthand "=
(babel)             in language  on input line 105.
Package babel Info: Redefining spanish shorthand "~
(babel)             in language  on input line 105.
Package babel Info: Redefining spanish shorthand "!
(babel)             in language  on input line 105.
Package babel Info: Redefining spanish shorthand "?
(babel)             in language  on input line 105.
Package babel Info: Redefining spanish shorthand <<
(babel)             in language  on input line 115.
Package babel Info: Redefining spanish shorthand >>
(babel)             in language  on input line 115.
Package babel Info: Redefining spanish shorthand "=
(babel)             in language  on input line 115.
Package babel Info: Redefining spanish shorthand "~
(babel)             in language  on input line 115.
Package babel Info: Redefining spanish shorthand "!
(babel)             in language  on input line 115.
Package babel Info: Redefining spanish shorthand "?
(babel)             in language  on input line 115.
Package babel Info: Redefining spanish shorthand <<
(babel)             in language  on input line 117.
Package babel Info: Redefining spanish shorthand >>
(babel)             in language  on input line 117.
Package babel Info: Redefining spanish shorthand "=
(babel)             in language  on input line 117.
Package babel Info: Redefining spanish shorthand "~
(babel)             in language  on input line 117.
Package babel Info: Redefining spanish shorthand "!
(babel)             in language  on input line 117.
Package babel Info: Redefining spanish shorthand "?
(babel)             in language  on input line 117.
Package babel Info: Redefining spanish shorthand <<
(babel)             in language  on input line 117.
Package babel Info: Redefining spanish shorthand >>
(babel)             in language  on input line 117.
Package babel Info: Redefining spanish shorthand "=
(babel)             in language  on input line 117.
Package babel Info: Redefining spanish shorthand "~
(babel)             in language  on input line 117.
Package babel Info: Redefining spanish shorthand "!
(babel)             in language  on input line 117.
Package babel Info: Redefining spanish shorthand "?
(babel)             in language  on input line 117.
 [7]
Package babel Info: Redefining spanish shorthand <<
(babel)             in language  on input line 117.
Package babel Info: Redefining spanish shorthand >>
(babel)             in language  on input line 117.
Package babel Info: Redefining spanish shorthand "=
(babel)             in language  on input line 117.
Package babel Info: Redefining spanish shorthand "~
(babel)             in language  on input line 117.
Package babel Info: Redefining spanish shorthand "!
(babel)             in language  on input line 117.
Package babel Info: Redefining spanish shorthand "?
(babel)             in language  on input line 117.
<images/crearImagen.png, id=177, 885.3075pt x 544.0325pt>
File: images/crearImagen.png Graphic file (type png)
<use images/crearImagen.png>
Package pdftex.def Info: images/crearImagen.png  used on input line 131.
(pdftex.def)             Requested size: 442.65266pt x 272.01558pt.

Overfull \hbox (82.65266pt too wide) in paragraph at lines 131--132
 [][] 
 []

Package babel Info: Redefining spanish shorthand <<
(babel)             in language  on input line 135.
Package babel Info: Redefining spanish shorthand >>
(babel)             in language  on input line 135.
Package babel Info: Redefining spanish shorthand "=
(babel)             in language  on input line 135.
Package babel Info: Redefining spanish shorthand "~
(babel)             in language  on input line 135.
Package babel Info: Redefining spanish shorthand "!
(babel)             in language  on input line 135.
Package babel Info: Redefining spanish shorthand "?
(babel)             in language  on input line 135.
Package babel Info: Redefining spanish shorthand <<
(babel)             in language  on input line 135.
Package babel Info: Redefining spanish shorthand >>
(babel)             in language  on input line 135.
Package babel Info: Redefining spanish shorthand "=
(babel)             in language  on input line 135.
Package babel Info: Redefining spanish shorthand "~
(babel)             in language  on input line 135.
Package babel Info: Redefining spanish shorthand "!
(babel)             in language  on input line 135.
Package babel Info: Redefining spanish shorthand "?
(babel)             in language  on input line 135.
[8]
Package babel Info: Redefining spanish shorthand <<
(babel)             in language  on input line 136.
Package babel Info: Redefining spanish shorthand >>
(babel)             in language  on input line 136.
Package babel Info: Redefining spanish shorthand "=
(babel)             in language  on input line 136.
Package babel Info: Redefining spanish shorthand "~
(babel)             in language  on input line 136.
Package babel Info: Redefining spanish shorthand "!
(babel)             in language  on input line 136.
Package babel Info: Redefining spanish shorthand "?
(babel)             in language  on input line 136.
Package babel Info: Redefining spanish shorthand <<
(babel)             in language  on input line 146.
Package babel Info: Redefining spanish shorthand >>
(babel)             in language  on input line 146.
Package babel Info: Redefining spanish shorthand "=
(babel)             in language  on input line 146.
Package babel Info: Redefining spanish shorthand "~
(babel)             in language  on input line 146.
Package babel Info: Redefining spanish shorthand "!
(babel)             in language  on input line 146.
Package babel Info: Redefining spanish shorthand "?
(babel)             in language  on input line 146.
Package babel Info: Redefining spanish shorthand <<
(babel)             in language  on input line 149.
Package babel Info: Redefining spanish shorthand >>
(babel)             in language  on input line 149.
Package babel Info: Redefining spanish shorthand "=
(babel)             in language  on input line 149.
Package babel Info: Redefining spanish shorthand "~
(babel)             in language  on input line 149.
Package babel Info: Redefining spanish shorthand "!
(babel)             in language  on input line 149.
Package babel Info: Redefining spanish shorthand "?
(babel)             in language  on input line 149.
Package babel Info: Redefining spanish shorthand <<
(babel)             in language  on input line 149.
Package babel Info: Redefining spanish shorthand >>
(babel)             in language  on input line 149.
Package babel Info: Redefining spanish shorthand "=
(babel)             in language  on input line 149.
Package babel Info: Redefining spanish shorthand "~
(babel)             in language  on input line 149.
Package babel Info: Redefining spanish shorthand "!
(babel)             in language  on input line 149.
Package babel Info: Redefining spanish shorthand "?
(babel)             in language  on input line 149.
 [9 <./images/crearImagen.png>]
Package babel Info: Redefining spanish shorthand <<
(babel)             in language  on input line 165.
Package babel Info: Redefining spanish shorthand >>
(babel)             in language  on input line 165.
Package babel Info: Redefining spanish shorthand "=
(babel)             in language  on input line 165.
Package babel Info: Redefining spanish shorthand "~
(babel)             in language  on input line 165.
Package babel Info: Redefining spanish shorthand "!
(babel)             in language  on input line 165.
Package babel Info: Redefining spanish shorthand "?
(babel)             in language  on input line 165.
Package babel Info: Redefining spanish shorthand <<
(babel)             in language  on input line 166.
Package babel Info: Redefining spanish shorthand >>
(babel)             in language  on input line 166.
Package babel Info: Redefining spanish shorthand "=
(babel)             in language  on input line 166.
Package babel Info: Redefining spanish shorthand "~
(babel)             in language  on input line 166.
Package babel Info: Redefining spanish shorthand "!
(babel)             in language  on input line 166.
Package babel Info: Redefining spanish shorthand "?
(babel)             in language  on input line 166.
\openout3 = `main.pyg'.

runsystem(pygmentize -S default -f latex -P commandprefix=PYG > main.out.pyg)..
.executed.

 (./main.out.pyg)
runsystem(pygmentize -S default -f latex -P commandprefix=PYGdefault > main.out
.pyg)...executed.

 (./main.out.pyg)
runsystem(pygmentize -l yaml -f latex -P commandprefix=PYG -F tokenmerge -o mai
n.out.pyg main.pyg)...executed.


(./main.out.pyg
Underfull \hbox (badness 10000) in paragraph at lines 167--1

 []


Underfull \hbox (badness 10000) in paragraph at lines 167--1

 []

Package babel Info: Redefining spanish shorthand <<
(babel)             in language  on input line 1.
Package babel Info: Redefining spanish shorthand >>
(babel)             in language  on input line 1.
Package babel Info: Redefining spanish shorthand "=
(babel)             in language  on input line 1.
Package babel Info: Redefining spanish shorthand "~
(babel)             in language  on input line 1.
Package babel Info: Redefining spanish shorthand "!
(babel)             in language  on input line 1.
Package babel Info: Redefining spanish shorthand "?
(babel)             in language  on input line 1.
Package babel Info: Redefining spanish shorthand <<
(babel)             in language  on input line 1.
Package babel Info: Redefining spanish shorthand >>
(babel)             in language  on input line 1.
Package babel Info: Redefining spanish shorthand "=
(babel)             in language  on input line 1.
Package babel Info: Redefining spanish shorthand "~
(babel)             in language  on input line 1.
Package babel Info: Redefining spanish shorthand "!
(babel)             in language  on input line 1.
Package babel Info: Redefining spanish shorthand "?
(babel)             in language  on input line 1.
[10])
\openout3 = `main.pyg'.

runsystem(pygmentize -l yaml -f latex -P commandprefix=PYG -F tokenmerge -o mai
n.out.pyg main.pyg)...executed.

 (./main.out.pyg
Package babel Info: Redefining spanish shorthand <<
(babel)             in language  on input line 1.
Package babel Info: Redefining spanish shorthand >>
(babel)             in language  on input line 1.
Package babel Info: Redefining spanish shorthand "=
(babel)             in language  on input line 1.
Package babel Info: Redefining spanish shorthand "~
(babel)             in language  on input line 1.
Package babel Info: Redefining spanish shorthand "!
(babel)             in language  on input line 1.
Package babel Info: Redefining spanish shorthand "?
(babel)             in language  on input line 1.
Package babel Info: Redefining spanish shorthand <<
(babel)             in language  on input line 1.
Package babel Info: Redefining spanish shorthand >>
(babel)             in language  on input line 1.
Package babel Info: Redefining spanish shorthand "=
(babel)             in language  on input line 1.
Package babel Info: Redefining spanish shorthand "~
(babel)             in language  on input line 1.
Package babel Info: Redefining spanish shorthand "!
(babel)             in language  on input line 1.
Package babel Info: Redefining spanish shorthand "?
(babel)             in language  on input line 1.
 [11])
<images/docker-compose.png, id=200, 1275.76625pt x 158.5925pt>
File: images/docker-compose.png Graphic file (type png)
<use images/docker-compose.png>
Package pdftex.def Info: images/docker-compose.png  used on input line 215.
(pdftex.def)             Requested size: 382.73283pt x 47.57811pt.

Overfull \hbox (22.73283pt too wide) in paragraph at lines 215--216
 [][] 
 []


LaTeX Warning: Reference `fig:serv' on page 12 undefined on input line 219.

<images/a.png, id=201, 1270.7475pt x 583.17876pt>
File: images/a.png Graphic file (type png)
<use images/a.png>
Package pdftex.def Info: images/a.png  used on input line 222.
(pdftex.def)             Requested size: 381.22719pt x 174.95497pt.

Overfull \hbox (21.22719pt too wide) in paragraph at lines 222--223
 [][] 
 []

Package babel Info: Redefining spanish shorthand <<
(babel)             in language  on input line 227.
Package babel Info: Redefining spanish shorthand >>
(babel)             in language  on input line 227.
Package babel Info: Redefining spanish shorthand "=
(babel)             in language  on input line 227.
Package babel Info: Redefining spanish shorthand "~
(babel)             in language  on input line 227.
Package babel Info: Redefining spanish shorthand "!
(babel)             in language  on input line 227.
Package babel Info: Redefining spanish shorthand "?
(babel)             in language  on input line 227.

Underfull \hbox (badness 10000) in paragraph at lines 228--230

 []

Package babel Info: Redefining spanish shorthand <<
(babel)             in language  on input line 230.
Package babel Info: Redefining spanish shorthand >>
(babel)             in language  on input line 230.
Package babel Info: Redefining spanish shorthand "=
(babel)             in language  on input line 230.
Package babel Info: Redefining spanish shorthand "~
(babel)             in language  on input line 230.
Package babel Info: Redefining spanish shorthand "!
(babel)             in language  on input line 230.
Package babel Info: Redefining spanish shorthand "?
(babel)             in language  on input line 230.
Package babel Info: Redefining spanish shorthand <<
(babel)             in language  on input line 230.
Package babel Info: Redefining spanish shorthand >>
(babel)             in language  on input line 230.
Package babel Info: Redefining spanish shorthand "=
(babel)             in language  on input line 230.
Package babel Info: Redefining spanish shorthand "~
(babel)             in language  on input line 230.
Package babel Info: Redefining spanish shorthand "!
(babel)             in language  on input line 230.
Package babel Info: Redefining spanish shorthand "?
(babel)             in language  on input line 230.
[12 <./images/docker-compose.png> <./images/a.png>]
<images/E3_1.png, id=209, 599.23875pt x 325.215pt>
File: images/E3_1.png Graphic file (type png)
<use images/E3_1.png>
Package pdftex.def Info: images/E3_1.png  used on input line 233.
(pdftex.def)             Requested size: 239.69125pt x 130.0837pt.
<images/E3_docker-compose.PNG, id=211, 179.67125pt x 135.00438pt>
File: images/E3_docker-compose.PNG Graphic file (type png)
<use images/E3_docker-compose.PNG>
Package pdftex.def Info: images/E3_docker-compose.PNG  used on input line 243.
(pdftex.def)             Requested size: 89.83539pt x 67.50201pt.
<images/E3_dockerfile.PNG, id=214, 244.915pt x 210.28563pt>
File: images/E3_dockerfile.PNG Graphic file (type png)
<use images/E3_dockerfile.PNG>
Package pdftex.def Info: images/E3_dockerfile.PNG  used on input line 250.
(pdftex.def)             Requested size: 122.45718pt x 105.14255pt.
Package babel Info: Redefining spanish shorthand <<
(babel)             in language  on input line 253.
Package babel Info: Redefining spanish shorthand >>
(babel)             in language  on input line 253.
Package babel Info: Redefining spanish shorthand "=
(babel)             in language  on input line 253.
Package babel Info: Redefining spanish shorthand "~
(babel)             in language  on input line 253.
Package babel Info: Redefining spanish shorthand "!
(babel)             in language  on input line 253.
Package babel Info: Redefining spanish shorthand "?
(babel)             in language  on input line 253.
Package babel Info: Redefining spanish shorthand <<
(babel)             in language  on input line 253.
Package babel Info: Redefining spanish shorthand >>
(babel)             in language  on input line 253.
Package babel Info: Redefining spanish shorthand "=
(babel)             in language  on input line 253.
Package babel Info: Redefining spanish shorthand "~
(babel)             in language  on input line 253.
Package babel Info: Redefining spanish shorthand "!
(babel)             in language  on input line 253.
Package babel Info: Redefining spanish shorthand "?
(babel)             in language  on input line 253.
 [13 <./images/E3_1.png> <./images/E3_docker-compose.PNG>]
<images/E3_app.PNG, id=222, 522.95375pt x 414.04688pt>
File: images/E3_app.PNG Graphic file (type png)
<use images/E3_app.PNG>
Package pdftex.def Info: images/E3_app.PNG  used on input line 258.
(pdftex.def)             Requested size: 261.47623pt x 207.02292pt.
<images/E3_docker-up.PNG, id=224, 286.57062pt x 77.79062pt>
File: images/E3_docker-up.PNG Graphic file (type png)
<use images/E3_docker-up.PNG>
Package pdftex.def Info: images/E3_docker-up.PNG  used on input line 266.
(pdftex.def)             Requested size: 143.28496pt x 38.8952pt.
Package babel Info: Redefining spanish shorthand <<
(babel)             in language  on input line 270.
Package babel Info: Redefining spanish shorthand >>
(babel)             in language  on input line 270.
Package babel Info: Redefining spanish shorthand "=
(babel)             in language  on input line 270.
Package babel Info: Redefining spanish shorthand "~
(babel)             in language  on input line 270.
Package babel Info: Redefining spanish shorthand "!
(babel)             in language  on input line 270.
Package babel Info: Redefining spanish shorthand "?
(babel)             in language  on input line 270.
Package babel Info: Redefining spanish shorthand <<
(babel)             in language  on input line 270.
Package babel Info: Redefining spanish shorthand >>
(babel)             in language  on input line 270.
Package babel Info: Redefining spanish shorthand "=
(babel)             in language  on input line 270.
Package babel Info: Redefining spanish shorthand "~
(babel)             in language  on input line 270.
Package babel Info: Redefining spanish shorthand "!
(babel)             in language  on input line 270.
Package babel Info: Redefining spanish shorthand "?
(babel)             in language  on input line 270.
 [14 <./images/E3_dockerfile.PNG> <./images/E3_app.PNG>]
<images/E3_comprobacion.PNG, id=232, 638.385pt x 321.2pt>
File: images/E3_comprobacion.PNG Graphic file (type png)
<use images/E3_comprobacion.PNG>
Package pdftex.def Info: images/E3_comprobacion.PNG  used on input line 273.
(pdftex.def)             Requested size: 319.19171pt x 160.59961pt.
Package babel Info: Redefining spanish shorthand <<
(babel)             in language  on input line 277.
Package babel Info: Redefining spanish shorthand >>
(babel)             in language  on input line 277.
Package babel Info: Redefining spanish shorthand "=
(babel)             in language  on input line 277.
Package babel Info: Redefining spanish shorthand "~
(babel)             in language  on input line 277.
Package babel Info: Redefining spanish shorthand "!
(babel)             in language  on input line 277.
Package babel Info: Redefining spanish shorthand "?
(babel)             in language  on input line 277.
Package babel Info: Redefining spanish shorthand <<
(babel)             in language  on input line 277.
Package babel Info: Redefining spanish shorthand >>
(babel)             in language  on input line 277.
Package babel Info: Redefining spanish shorthand "=
(babel)             in language  on input line 277.
Package babel Info: Redefining spanish shorthand "~
(babel)             in language  on input line 277.
Package babel Info: Redefining spanish shorthand "!
(babel)             in language  on input line 277.
Package babel Info: Redefining spanish shorthand "?
(babel)             in language  on input line 277.
 [15 <./images/E3_docker-up.PNG> <./images/E3_comprobacion.PNG>]
Package babel Info: Redefining spanish shorthand <<
(babel)             in language  on input line 279.
Package babel Info: Redefining spanish shorthand >>
(babel)             in language  on input line 279.
Package babel Info: Redefining spanish shorthand "=
(babel)             in language  on input line 279.
Package babel Info: Redefining spanish shorthand "~
(babel)             in language  on input line 279.
Package babel Info: Redefining spanish shorthand "!
(babel)             in language  on input line 279.
Package babel Info: Redefining spanish shorthand "?
(babel)             in language  on input line 279.
<images/configuracionSin.png, id=239, 734.745pt x 420.57124pt>
File: images/configuracionSin.png Graphic file (type png)
<use images/configuracionSin.png>
Package pdftex.def Info: images/configuracionSin.png  used on input line 284.
(pdftex.def)             Requested size: 367.3716pt x 210.28511pt.

Overfull \hbox (7.3716pt too wide) in paragraph at lines 284--285
 [][] 
 []

Package babel Info: Redefining spanish shorthand <<
(babel)             in language  on input line 301.
Package babel Info: Redefining spanish shorthand >>
(babel)             in language  on input line 301.
Package babel Info: Redefining spanish shorthand "=
(babel)             in language  on input line 301.
Package babel Info: Redefining spanish shorthand "~
(babel)             in language  on input line 301.
Package babel Info: Redefining spanish shorthand "!
(babel)             in language  on input line 301.
Package babel Info: Redefining spanish shorthand "?
(babel)             in language  on input line 301.
Package babel Info: Redefining spanish shorthand <<
(babel)             in language  on input line 301.
Package babel Info: Redefining spanish shorthand >>
(babel)             in language  on input line 301.
Package babel Info: Redefining spanish shorthand "=
(babel)             in language  on input line 301.
Package babel Info: Redefining spanish shorthand "~
(babel)             in language  on input line 301.
Package babel Info: Redefining spanish shorthand "!
(babel)             in language  on input line 301.
Package babel Info: Redefining spanish shorthand "?
(babel)             in language  on input line 301.
[16 <./images/configuracionSin.png>]
<images/ejecucionSin.png, id=244, 739.76375pt x 289.08pt>
File: images/ejecucionSin.png Graphic file (type png)
<use images/ejecucionSin.png>
Package pdftex.def Info: images/ejecucionSin.png  used on input line 307.
(pdftex.def)             Requested size: 369.88097pt x 144.53964pt.

Overfull \hbox (9.88097pt too wide) in paragraph at lines 307--308
 [][] 
 []

Package babel Info: Redefining spanish shorthand <<
(babel)             in language  on input line 314.
Package babel Info: Redefining spanish shorthand >>
(babel)             in language  on input line 314.
Package babel Info: Redefining spanish shorthand "=
(babel)             in language  on input line 314.
Package babel Info: Redefining spanish shorthand "~
(babel)             in language  on input line 314.
Package babel Info: Redefining spanish shorthand "!
(babel)             in language  on input line 314.
Package babel Info: Redefining spanish shorthand "?
(babel)             in language  on input line 314.

Underfull \hbox (badness 10000) in paragraph at lines 317--319

 []

Package babel Info: Redefining spanish shorthand <<
(babel)             in language  on input line 319.
Package babel Info: Redefining spanish shorthand >>
(babel)             in language  on input line 319.
Package babel Info: Redefining spanish shorthand "=
(babel)             in language  on input line 319.
Package babel Info: Redefining spanish shorthand "~
(babel)             in language  on input line 319.
Package babel Info: Redefining spanish shorthand "!
(babel)             in language  on input line 319.
Package babel Info: Redefining spanish shorthand "?
(babel)             in language  on input line 319.
Package babel Info: Redefining spanish shorthand <<
(babel)             in language  on input line 319.
Package babel Info: Redefining spanish shorthand >>
(babel)             in language  on input line 319.
Package babel Info: Redefining spanish shorthand "=
(babel)             in language  on input line 319.
Package babel Info: Redefining spanish shorthand "~
(babel)             in language  on input line 319.
Package babel Info: Redefining spanish shorthand "!
(babel)             in language  on input line 319.
Package babel Info: Redefining spanish shorthand "?
(babel)             in language  on input line 319.
[17 <./images/ejecucionSin.png>]
<images/usoDocker.png, id=251, 789.95125pt x 147.55125pt>
File: images/usoDocker.png Graphic file (type png)
<use images/usoDocker.png>
Package pdftex.def Info: images/usoDocker.png  used on input line 322.
(pdftex.def)             Requested size: 394.97466pt x 73.77544pt.

Overfull \hbox (34.97466pt too wide) in paragraph at lines 322--323
 [][] 
 []


Underfull \hbox (badness 10000) in paragraph at lines 327--329

 []


Underfull \hbox (badness 10000) in paragraph at lines 327--329

 []

Package babel Info: Redefining spanish shorthand <<
(babel)             in language  on input line 329.
Package babel Info: Redefining spanish shorthand >>
(babel)             in language  on input line 329.
Package babel Info: Redefining spanish shorthand "=
(babel)             in language  on input line 329.
Package babel Info: Redefining spanish shorthand "~
(babel)             in language  on input line 329.
Package babel Info: Redefining spanish shorthand "!
(babel)             in language  on input line 329.
Package babel Info: Redefining spanish shorthand "?
(babel)             in language  on input line 329.
Package babel Info: Redefining spanish shorthand <<
(babel)             in language  on input line 329.
Package babel Info: Redefining spanish shorthand >>
(babel)             in language  on input line 329.
Package babel Info: Redefining spanish shorthand "=
(babel)             in language  on input line 329.
Package babel Info: Redefining spanish shorthand "~
(babel)             in language  on input line 329.
Package babel Info: Redefining spanish shorthand "!
(babel)             in language  on input line 329.
Package babel Info: Redefining spanish shorthand "?
(babel)             in language  on input line 329.
[18 <./images/usoDocker.png>] (./main.bbl)
Package atveryend Info: Empty hook `BeforeClearDocument' on input line 333.
Package babel Info: Redefining spanish shorthand <<
(babel)             in language  on input line 333.
Package babel Info: Redefining spanish shorthand >>
(babel)             in language  on input line 333.
Package babel Info: Redefining spanish shorthand "=
(babel)             in language  on input line 333.
Package babel Info: Redefining spanish shorthand "~
(babel)             in language  on input line 333.
Package babel Info: Redefining spanish shorthand "!
(babel)             in language  on input line 333.
Package babel Info: Redefining spanish shorthand "?
(babel)             in language  on input line 333.
Package babel Info: Redefining spanish shorthand <<
(babel)             in language  on input line 333.
Package babel Info: Redefining spanish shorthand >>
(babel)             in language  on input line 333.
Package babel Info: Redefining spanish shorthand "=
(babel)             in language  on input line 333.
Package babel Info: Redefining spanish shorthand "~
(babel)             in language  on input line 333.
Package babel Info: Redefining spanish shorthand "!
(babel)             in language  on input line 333.
Package babel Info: Redefining spanish shorthand "?
(babel)             in language  on input line 333.
 [19

]
Package atveryend Info: Empty hook `AfterLastShipout' on input line 333.
 (./main.aux
LaTeX Info: Redefining \. on input line 23.
LaTeX Info: Redefining \% on input line 23.
)
Package atveryend Info: Executing hook `AtVeryEndDocument' on input line 333.
Package atveryend Info: Executing hook `AtEndAfterFileList' on input line 333.
Package rerunfilecheck Info: File `main.out' has not changed.
(rerunfilecheck)             Checksum: D647D84447D2525A3DA8A0A4F603A177;953.


LaTeX Warning: There were undefined references.


LaTeX Warning: There were multiply-defined labels.

runsystem(rm main.pyg)...executed.

runsystem(rm main.out.pyg)...executed.

 ) 
Here is how much of TeX's memory you used:
 12262 strings out of 494284
 193520 string characters out of 6162693
 355205 words of memory out of 5000000
 15313 multiletter control sequences out of 15000+600000
 11514 words of font info for 40 fonts, out of 8000000 for 9000
 376 hyphenation exceptions out of 8191
 42i,8n,40p,1074b,462s stack positions out of 5000i,500n,10000p,200000b,80000s
</usr/share/texlive/texmf-dist/fonts/type1/public/amsfonts/cm/cmbx10.pfb></us
r/share/texlive/texmf-dist/fonts/type1/public/amsfonts/cm/cmbx12.pfb></usr/shar
e/texlive/texmf-dist/fonts/type1/public/amsfonts/cm/cmbxti10.pfb></usr/share/te
xlive/texmf-dist/fonts/type1/public/amsfonts/cm/cmcsc10.pfb></usr/share/texlive
/texmf-dist/fonts/type1/public/amsfonts/cm/cmr10.pfb></usr/share/texlive/texmf-
dist/fonts/type1/public/amsfonts/cm/cmr12.pfb></usr/share/texlive/texmf-dist/fo
nts/type1/public/amsfonts/cm/cmr17.pfb></usr/share/texlive/texmf-dist/fonts/typ
e1/public/amsfonts/cm/cmti10.pfb></usr/share/texlive/texmf-dist/fonts/type1/pub
lic/amsfonts/cm/cmtt10.pfb>
Output written on main.pdf (19 pages, 1287584 bytes).
PDF statistics:
 309 PDF objects out of 1000 (max. 8388607)
 251 compressed objects within 3 object streams
 59 named destinations out of 1000 (max. 500000)
 206 words of extra memory for PDF output out of 10000 (max. 10000000)

